specialCall/build/outputs/logs/manifest-merger-debug-report.txt
-- Merging decision tree log ---
manifest
ADDED from src\main\AndroidManifest.xml:2:1-158:12
	package
		ADDED from src\main\AndroidManifest.xml:3:5-30
		INJECTED from src\main\AndroidManifest.xml
		INJECTED from src\main\AndroidManifest.xml
	android:versionName
		ADDED from src\main\AndroidManifest.xml:5:5-30
	android:versionCode
		ADDED from src\main\AndroidManifest.xml:4:5-28
		INJECTED from src\main\AndroidManifest.xml
		INJECTED from src\main\AndroidManifest.xml
	xmlns:android
		ADDED from src\main\AndroidManifest.xml:2:11-69
uses-sdk
ADDED from src\main\AndroidManifest.xml:7:5-9:41
MERGED from [com.android.support:appcompat-v7:19.1.0] AndroidManifest.xml:18:5-42
MERGED from [SpecialCall:ffmpeg4android_lib:unspecified] AndroidManifest.xml:7:5-9:41
MERGED from [SpecialCall:standOut_lib:unspecified] AndroidManifest.xml:7:5-9:41
	android:targetSdkVersion
		ADDED from src\main\AndroidManifest.xml:9:9-38
		INJECTED from src\main\AndroidManifest.xml
		INJECTED from src\main\AndroidManifest.xml
	android:minSdkVersion
		ADDED from src\main\AndroidManifest.xml:8:9-34
		INJECTED from src\main\AndroidManifest.xml
		INJECTED from src\main\AndroidManifest.xml
uses-permission#android.permission.CHANGE_CONFIGURATION
ADDED from src\main\AndroidManifest.xml:11:5-79
	android:name
		ADDED from src\main\AndroidManifest.xml:11:22-76
uses-permission#android.permission.MODIFY_AUDIO_SETTINGS
ADDED from src\main\AndroidManifest.xml:12:5-80
	android:name
		ADDED from src\main\AndroidManifest.xml:12:22-77
uses-permission#android.permission.WRITE_SETTINGS
ADDED from src\main\AndroidManifest.xml:13:5-73
	android:name
		ADDED from src\main\AndroidManifest.xml:13:22-70
uses-permission#android.permission.WRITE_EXTERNAL_STORAGE
ADDED from src\main\AndroidManifest.xml:14:5-81
MERGED from [SpecialCall:ffmpeg4android_lib:unspecified] AndroidManifest.xml:11:5-81
	android:name
		ADDED from src\main\AndroidManifest.xml:14:22-78
uses-permission#android.permission.INTERNET
ADDED from src\main\AndroidManifest.xml:15:5-67
	android:name
		ADDED from src\main\AndroidManifest.xml:15:22-64
uses-permission#android.permission.READ_CONTACTS
ADDED from src\main\AndroidManifest.xml:17:5-72
	android:name
		ADDED from src\main\AndroidManifest.xml:17:22-69
uses-permission#android.permission.CALL_PHONE
ADDED from src\main\AndroidManifest.xml:18:5-69
	android:name
		ADDED from src\main\AndroidManifest.xml:18:22-66
uses-permission#android.permission.PROCESS_INCOMING_CALLS
ADDED from src\main\AndroidManifest.xml:19:5-81
	android:name
		ADDED from src\main\AndroidManifest.xml:19:22-78
uses-permission#android.permission.READ_PHONE_STATE
ADDED from src\main\AndroidManifest.xml:20:5-75
	android:name
		ADDED from src\main\AndroidManifest.xml:20:22-72
uses-permission#android.permission.MODIFY_PHONE_STATE
ADDED from src\main\AndroidManifest.xml:21:5-77
	android:name
		ADDED from src\main\AndroidManifest.xml:21:22-74
uses-permission#android.permission.CALL_PRIVILEGED
ADDED from src\main\AndroidManifest.xml:22:5-74
	android:name
		ADDED from src\main\AndroidManifest.xml:22:22-71
uses-permission#android.permission.GET_TASKS
ADDED from src\main\AndroidManifest.xml:23:5-68
	android:name
		ADDED from src\main\AndroidManifest.xml:23:22-65
uses-permission#android.permission.ACCESS_NETWORK_STATE
ADDED from src\main\AndroidManifest.xml:24:5-79
	android:name
		ADDED from src\main\AndroidManifest.xml:24:22-76
uses-permission#android.permission.WAKE_LOCK
ADDED from src\main\AndroidManifest.xml:25:5-68
MERGED from [SpecialCall:ffmpeg4android_lib:unspecified] AndroidManifest.xml:12:5-68
	android:name
		ADDED from src\main\AndroidManifest.xml:25:22-65
uses-permission#android.permission.VIBRATE
ADDED from src\main\AndroidManifest.xml:26:5-66
	android:name
		ADDED from src\main\AndroidManifest.xml:26:22-63
uses-permission#android.permission.RECEIVE_BOOT_COMPLETED
ADDED from src\main\AndroidManifest.xml:27:5-81
	android:name
		ADDED from src\main\AndroidManifest.xml:27:22-78
uses-permission#android.permission.GET_ACCOUNTS
ADDED from src\main\AndroidManifest.xml:28:5-71
	android:name
		ADDED from src\main\AndroidManifest.xml:28:22-68
uses-permission#com.google.android.c2dm.permission.RECEIVE
ADDED from src\main\AndroidManifest.xml:29:5-82
	android:name
		ADDED from src\main\AndroidManifest.xml:29:22-79
permission#com.special.app.permission.C2D_MESSAGE
ADDED from src\main\AndroidManifest.xml:35:5-37:47
	android:protectionLevel
		ADDED from src\main\AndroidManifest.xml:37:9-44
	android:name
		ADDED from src\main\AndroidManifest.xml:36:9-62
uses-permission#com.special.specialcall.permission.C2D_MESSAGE
ADDED from src\main\AndroidManifest.xml:39:5-86
	android:name
		ADDED from src\main\AndroidManifest.xml:39:22-83
uses-permission#android.permission.READ_EXTERNAL_STORAGE
ADDED from src\main\AndroidManifest.xml:41:5-80
	android:name
		ADDED from src\main\AndroidManifest.xml:41:22-77
application
ADDED from src\main\AndroidManifest.xml:43:5-156:19
MERGED from [com.android.support:appcompat-v7:19.1.0] AndroidManifest.xml:19:5-20
	android:label
		ADDED from src\main\AndroidManifest.xml:47:9-41
	android:allowBackup
		ADDED from src\main\AndroidManifest.xml:45:9-35
	android:icon
		ADDED from src\main\AndroidManifest.xml:46:9-45
	android:name
		ADDED from src\main\AndroidManifest.xml:44:9-46
activity#com.ui.activities.MainActivity
ADDED from src\main\AndroidManifest.xml:49:9-63:20
	android:screenOrientation
		ADDED from src\main\AndroidManifest.xml:55:13-49
	android:label
		ADDED from src\main\AndroidManifest.xml:52:13-45
	android:excludeFromRecents
		ADDED from src\main\AndroidManifest.xml:54:13-47
	android:theme
		ADDED from src\main\AndroidManifest.xml:51:13-44
	android:name
		ADDED from src\main\AndroidManifest.xml:50:13-58
category#android.intent.category.LAUNCHER
ADDED from src\main\AndroidManifest.xml:56:13-73
	android:name
		ADDED from src\main\AndroidManifest.xml:56:23-70
intent-filter#android.intent.action.MAIN+android.intent.category.LAUNCHER
ADDED from src\main\AndroidManifest.xml:58:13-62:29
action#android.intent.action.MAIN
ADDED from src\main\AndroidManifest.xml:59:17-69
	android:name
		ADDED from src\main\AndroidManifest.xml:59:25-66
activity#com.ui.activities.IncomingSpecialCall
ADDED from src\main\AndroidManifest.xml:64:9-76:20
	android:screenOrientation
		ADDED from src\main\AndroidManifest.xml:70:13-49
	android:label
		ADDED from src\main\AndroidManifest.xml:67:13-73
	android:excludeFromRecents
		ADDED from src\main\AndroidManifest.xml:68:13-46
	android:launchMode
		ADDED from src\main\AndroidManifest.xml:69:13-48
	android:theme
		ADDED from src\main\AndroidManifest.xml:66:13-53
	android:name
		ADDED from src\main\AndroidManifest.xml:65:13-65
intent-filter#android.intent.category.LAUNCHER
ADDED from src\main\AndroidManifest.xml:73:13-75:29
	android:priority
		ADDED from src\main\AndroidManifest.xml:73:28-50
activity#com.ui.activities.Settings
ADDED from src\main\AndroidManifest.xml:77:9-80:20
	android:theme
		ADDED from src\main\AndroidManifest.xml:79:13-55
	android:name
		ADDED from src\main\AndroidManifest.xml:78:13-54
activity#com.ui.activities.SelectSpecificContacts
ADDED from src\main\AndroidManifest.xml:81:9-84:20
	android:theme
		ADDED from src\main\AndroidManifest.xml:83:13-55
	android:name
		ADDED from src\main\AndroidManifest.xml:82:13-68
service#com.services.IncomingService
ADDED from src\main\AndroidManifest.xml:86:9-90:19
	android:enabled
		ADDED from src\main\AndroidManifest.xml:88:13-35
	android:priority
		ADDED from src\main\AndroidManifest.xml:89:13-35
	android:name
		ADDED from src\main\AndroidManifest.xml:87:13-56
service#com.services.LogicServerProxyService
ADDED from src\main\AndroidManifest.xml:91:9-95:19
	android:enabled
		ADDED from src\main\AndroidManifest.xml:93:13-35
	android:priority
		ADDED from src\main\AndroidManifest.xml:94:13-35
	android:name
		ADDED from src\main\AndroidManifest.xml:92:13-64
service#com.services.StorageServerProxyService
ADDED from src\main\AndroidManifest.xml:96:9-100:19
	android:enabled
		ADDED from src\main\AndroidManifest.xml:98:13-35
	android:priority
		ADDED from src\main\AndroidManifest.xml:99:13-35
	android:name
		ADDED from src\main\AndroidManifest.xml:97:13-66
intent-filter#com.services.LogicServerProxyService
ADDED from src\main\AndroidManifest.xml:102:9-104:25
action#com.services.LogicServerProxyService
ADDED from src\main\AndroidManifest.xml:103:13-75
	android:name
		ADDED from src\main\AndroidManifest.xml:103:21-72
service#com.parse.PushService
ADDED from src\main\AndroidManifest.xml:106:9-57
	android:name
		ADDED from src\main\AndroidManifest.xml:106:18-54
receiver#com.receivers.ConnectivityBroadcastReceiver
ADDED from src\main\AndroidManifest.xml:108:9-112:20
	android:name
		ADDED from src\main\AndroidManifest.xml:108:19-77
intent-filter#android.net.conn.CONNECTIVITY_CHANGE
ADDED from src\main\AndroidManifest.xml:109:13-111:29
action#android.net.conn.CONNECTIVITY_CHANGE
ADDED from src\main\AndroidManifest.xml:110:17-78
	android:name
		ADDED from src\main\AndroidManifest.xml:110:25-76
receiver#com.receivers.BackgroundBroadcastReceiver
ADDED from src\main\AndroidManifest.xml:114:9-118:20
	android:name
		ADDED from src\main\AndroidManifest.xml:114:19-75
intent-filter#com.android.special.specialcall.EVENT_ACTION
ADDED from src\main\AndroidManifest.xml:115:13-117:29
action#com.android.special.specialcall.EVENT_ACTION
ADDED from src\main\AndroidManifest.xml:116:17-86
	android:name
		ADDED from src\main\AndroidManifest.xml:116:25-84
receiver#com.receivers.DownloadReceiver
ADDED from src\main\AndroidManifest.xml:120:9-124:20
	android:name
		ADDED from src\main\AndroidManifest.xml:120:19-64
receiver#com.receivers.PushBroadcastReceiver
ADDED from src\main\AndroidManifest.xml:126:9-134:20
	android:exported
		ADDED from src\main\AndroidManifest.xml:128:13-37
	android:name
		ADDED from src\main\AndroidManifest.xml:127:13-63
intent-filter#com.parse.push.intent.DELETE+com.parse.push.intent.OPEN+com.parse.push.intent.RECEIVE
ADDED from src\main\AndroidManifest.xml:129:13-133:29
action#com.parse.push.intent.RECEIVE
ADDED from src\main\AndroidManifest.xml:130:17-72
	android:name
		ADDED from src\main\AndroidManifest.xml:130:25-69
action#com.parse.push.intent.DELETE
ADDED from src\main\AndroidManifest.xml:131:17-71
	android:name
		ADDED from src\main\AndroidManifest.xml:131:25-68
action#com.parse.push.intent.OPEN
ADDED from src\main\AndroidManifest.xml:132:17-69
	android:name
		ADDED from src\main\AndroidManifest.xml:132:25-66
receiver#com.parse.GcmBroadcastReceiver
ADDED from src\main\AndroidManifest.xml:135:9-145:20
	android:permission
		ADDED from src\main\AndroidManifest.xml:137:13-73
	android:name
		ADDED from src\main\AndroidManifest.xml:136:13-58
intent-filter#com.google.android.c2dm.intent.RECEIVE+com.google.android.c2dm.intent.REGISTRATION+com.special.specialcall
ADDED from src\main\AndroidManifest.xml:138:13-144:29
action#com.google.android.c2dm.intent.RECEIVE
ADDED from src\main\AndroidManifest.xml:139:17-81
	android:name
		ADDED from src\main\AndroidManifest.xml:139:25-78
action#com.google.android.c2dm.intent.REGISTRATION
ADDED from src\main\AndroidManifest.xml:140:17-86
	android:name
		ADDED from src\main\AndroidManifest.xml:140:25-83
category#com.special.specialcall
ADDED from src\main\AndroidManifest.xml:143:17-68
	android:name
		ADDED from src\main\AndroidManifest.xml:143:27-65
receiver#com.receivers.BootCompletedBroadcastReceiver
ADDED from src\main\AndroidManifest.xml:146:9-150:20
	android:name
		ADDED from src\main\AndroidManifest.xml:146:19-78
intent-filter#android.intent.action.BOOT_COMPLETED
ADDED from src\main\AndroidManifest.xml:147:13-149:29
action#android.intent.action.BOOT_COMPLETED
ADDED from src\main\AndroidManifest.xml:148:17-79
	android:name
		ADDED from src\main\AndroidManifest.xml:148:25-76
service#com.services.GetTokenIntentService
ADDED from src\main\AndroidManifest.xml:152:9-155:19
	android:exported
		ADDED from src\main\AndroidManifest.xml:154:13-37
	android:name
		ADDED from src\main\AndroidManifest.xml:153:13-62
uses-permission#android.permission.SYSTEM_ALERT_WINDOW
ADDED from [SpecialCall:standOut_lib:unspecified] AndroidManifest.xml:11:5-78
	android:name
		ADDED from [SpecialCall:standOut_lib:unspecified] AndroidManifest.xml:11:22-75